Arguments: 
  /opt/homebrew/Cellar/node/19.2.0/bin/node /opt/homebrew/bin/yarn install

PATH: 
  /Library/Frameworks/Python.framework/Versions/3.11/bin:/opt/homebrew/bin:/opt/homebrew/sbin:/usr/local/bin:/System/Cryptexes/App/usr/bin:/usr/bin:/bin:/usr/sbin:/sbin:/Library/Apple/usr/bin

Yarn version: 
  1.22.19

Node version: 
  19.2.0

Platform: 
  darwin arm64

Trace: 
  SyntaxError: /Users/tomassevcenko/WebstormProjects/FinalTask/package.json: Expected double-quoted property name in JSON at position 51
      at JSON.parse (<anonymous>)
      at /opt/homebrew/lib/node_modules/yarn/lib/cli.js:1629:59
      at Generator.next (<anonymous>)
      at step (/opt/homebrew/lib/node_modules/yarn/lib/cli.js:310:30)
      at /opt/homebrew/lib/node_modules/yarn/lib/cli.js:321:13

npm manifest: 
  {
    "dependencies": {
      "cypress": "^12.0.2",
  
    }
  }

yarn manifest: 
  No manifest

Lockfile: 
  # THIS IS AN AUTOGENERATED FILE. DO NOT EDIT THIS FILE DIRECTLY.
  # yarn lockfile v1
